<?xml version="1.0" encoding="UTF-8"?>
<testng-results ignored="0" total="4" passed="4" failed="0" skipped="0">
  <reporter-output>
  </reporter-output>
  <suite started-at="2021-10-13T17:52:46 IST" name="Suite" finished-at="2021-10-13T17:52:54 IST" duration-ms="7192">
    <groups>
    </groups>
    <test started-at="2021-10-13T17:52:46 IST" name="Test1" finished-at="2021-10-13T17:52:46 IST" duration-ms="60">
      <class name="appTest.AppTest">
        <test-method signature="invalidLoginTest()[pri:0, instance:appTest.AppTest@175b9425]" started-at="2021-10-13T17:52:46 IST" name="invalidLoginTest" description="Login with Invalid Details" finished-at="2021-10-13T17:52:46 IST" duration-ms="9" status="PASS">
          <reporter-output>
          </reporter-output>
        </test-method> <!-- invalidLoginTest -->
        <test-method signature="validLoginTest()[pri:0, instance:appTest.AppTest@175b9425]" started-at="2021-10-13T17:52:46 IST" name="validLoginTest" description="Login with Valid Details" finished-at="2021-10-13T17:52:46 IST" duration-ms="1" status="PASS">
          <reporter-output>
          </reporter-output>
        </test-method> <!-- validLoginTest -->
      </class> <!-- appTest.AppTest -->
    </test> <!-- Test1 -->
    <test started-at="2021-10-13T17:52:46 IST" name="Test2" finished-at="2021-10-13T17:52:46 IST" duration-ms="1">
      <class name="appTest.NumberComparison">
        <test-method signature="intcomparsion()[pri:0, instance:appTest.NumberComparison@73ee04c8]" started-at="2021-10-13T17:52:46 IST" name="intcomparsion" finished-at="2021-10-13T17:52:46 IST" duration-ms="1" status="PASS">
          <reporter-output>
          </reporter-output>
        </test-method> <!-- intcomparsion -->
      </class> <!-- appTest.NumberComparison -->
    </test> <!-- Test2 -->
    <test started-at="2021-10-13T17:52:46 IST" name="Test3" finished-at="2021-10-13T17:52:54 IST" duration-ms="7095">
      <class name="appTest.SeleniumDev">
        <test-method is-config="true" signature="beforeTest()[pri:0, instance:appTest.SeleniumDev@272ed83b]" started-at="2021-10-13T17:52:46 IST" name="beforeTest" finished-at="2021-10-13T17:52:49 IST" duration-ms="2705" status="PASS">
          <reporter-output>
          </reporter-output>
        </test-method> <!-- beforeTest -->
        <test-method signature="titleTest()[pri:0, instance:appTest.SeleniumDev@272ed83b]" started-at="2021-10-13T17:52:49 IST" name="titleTest" finished-at="2021-10-13T17:52:51 IST" duration-ms="1660" status="PASS">
          <reporter-output>
          </reporter-output>
        </test-method> <!-- titleTest -->
        <test-method is-config="true" signature="afterTest()[pri:0, instance:appTest.SeleniumDev@272ed83b]" started-at="2021-10-13T17:52:51 IST" name="afterTest" finished-at="2021-10-13T17:52:54 IST" duration-ms="2727" status="PASS">
          <reporter-output>
          </reporter-output>
        </test-method> <!-- afterTest -->
      </class> <!-- appTest.SeleniumDev -->
    </test> <!-- Test3 -->
  </suite> <!-- Suite -->
</testng-results>
