<?xml version="1.0" encoding="UTF-8"?>
<testsuite xmlns:xsi="http://www.w3.org/2001/XMLSchema-instance" xsi:noNamespaceSchemaLocation="https://maven.apache.org/surefire/maven-surefire-plugin/xsd/surefire-test-report-3.0.xsd" version="3.0" name="TestSuite" time="8.156" tests="4" errors="0" skipped="0" failures="0">
  <properties>
[...]
</properties>
  <testcase name="invalidLoginTest" classname="appTest.AppTest" time="0.007"/>
  <testcase name="validLoginTest" classname="appTest.AppTest" time="0"/>
  <testcase name="intcomparsion" classname="appTest.NumberComparison" time="0"/>
  <testcase name="titleTest" classname="appTest.SeleniumDev" time="1.641">
    <system-err><![CDATA[Starting ChromeDriver 93.0.4577.63 (ff5c0da2ec0adeaed5550e6c7e98417dac77d98a-refs/branch-heads/4577@{#1135}) on port 26600
Only local connections are allowed.
Please see https://chromedriver.chromium.org/security-considerations for suggestions on keeping ChromeDriver safe.
ChromeDriver was started successfully.
[1634127768.882][WARNING]: This version of ChromeDriver has not been tested with Chrome version 94.
Oct 13, 2021 5:52:49 PM org.openqa.selenium.remote.ProtocolHandshake createSession
INFO: Detected dialect: W3C
]]></system-err>
  </testcase>
</testsuite>