<?xml version="1.0" encoding="UTF-8"?>
<testng-results skipped="0" failed="0" ignored="0" total="2" passed="2">
  <reporter-output>
  </reporter-output>
  <suite name="Suite" duration-ms="110" started-at="2021-10-13T10:55:40 IST" finished-at="2021-10-13T10:55:40 IST">
    <groups>
    </groups>
    <test name="Test" duration-ms="110" started-at="2021-10-13T10:55:40 IST" finished-at="2021-10-13T10:55:40 IST">
      <class name="appTest.AppTest">
        <test-method status="PASS" signature="invalidLoginTest()[pri:0, instance:appTest.AppTest@694e1548]" name="invalidLoginTest" duration-ms="27" started-at="2021-10-13T10:55:40 IST" description="Login with Invalid Details" finished-at="2021-10-13T10:55:40 IST">
          <reporter-output>
          </reporter-output>
        </test-method> <!-- invalidLoginTest -->
        <test-method status="PASS" signature="validLoginTest()[pri:0, instance:appTest.AppTest@694e1548]" name="validLoginTest" duration-ms="2" started-at="2021-10-13T10:55:40 IST" description="Login with Valid Details" finished-at="2021-10-13T10:55:40 IST">
          <reporter-output>
          </reporter-output>
        </test-method> <!-- validLoginTest -->
      </class> <!-- appTest.AppTest -->
    </test> <!-- Test -->
  </suite> <!-- Suite -->
</testng-results>
